<?xml version="1.0" encoding="UTF-8"?>
<!-- Generated by org.testng.reporters.JUnitReportReporter -->
<testsuite skipped="0" hostname="LAPTOP-TP2EVIVT" name="Testscript.com.CreateNewContactTest" tests="1" failures="0" timestamp="08 Sep 2021 08:04:50 GMT" time="33.925" errors="0">
  <testcase name="createNewcantacts" time="33.925" classname="Testscript.com.CreateNewContactTest"/>
</testsuite> <!-- Testscript.com.CreateNewContactTest -->
